# JRE version: OpenJDK Runtime Environment (8.0_152-b01) (build 1.8.0_152-release-1248-b01)
# Java VM: OpenJDK 64-Bit Server VM (25.152-b01 mixed mode windows-amd64 compressed oops)
Heap:
 PSYoungGen      total 118784K, used 20244K [0x00000000e0000000, 0x00000000e8000000, 0x0000000100000000)
  eden space 106496K, 12% used [0x00000000e0000000,0x00000000e0ca8ef0,0x00000000e6800000)
  from space 12288K, 59% used [0x00000000e6800000,0x00000000e6f1c178,0x00000000e7400000)
  to   space 6656K, 0% used [0x00000000e7980000,0x00000000e7980000,0x00000000e8000000)
 ParOldGen       total 122368K, used 16320K [0x00000000a0000000, 0x00000000a7780000, 0x00000000e0000000)
  object space 122368K, 13% used [0x00000000a0000000,0x00000000a0ff01a0,0x00000000a7780000)
 Metaspace       used 41776K, capacity 42558K, committed 42752K, reserved 1085440K
  class space    used 5595K, capacity 5804K, committed 5888K, reserved 1048576K
GC Heap History (10 events):
Event: 35.031 GC heap before
{Heap before GC invocations=7 (full 1):
 PSYoungGen      total 56832K, used 56461K [0x00000000e0000000, 0x00000000e5900000, 0x0000000100000000)
  eden space 49152K, 100% used [0x00000000e0000000,0x00000000e3000000,0x00000000e3000000)
  from space 7680K, 95% used [0x00000000e3000000,0x00000000e3723768,0x00000000e3780000)
  to   space 10752K, 0% used [0x00000000e4e80000,0x00000000e4e80000,0x00000000e5900000)
 ParOldGen       total 86016K, used 9376K [0x00000000a0000000, 0x00000000a5400000, 0x00000000e0000000)
  object space 86016K, 10% used [0x00000000a0000000,0x00000000a09281f0,0x00000000a5400000)
 Metaspace       used 32566K, capacity 33112K, committed 33280K, reserved 1077248K
  class space    used 4426K, capacity 4608K, committed 4608K, reserved 1048576K
Event: 35.068 GC heap after
Heap after GC invocations=7 (full 1):
 PSYoungGen      total 79872K, used 9882K [0x00000000e0000000, 0x00000000e6100000, 0x0000000100000000)
  eden space 69120K, 0% used [0x00000000e0000000,0x00000000e0000000,0x00000000e4380000)
  from space 10752K, 91% used [0x00000000e4e80000,0x00000000e5826ba8,0x00000000e5900000)
  to   space 11264K, 0% used [0x00000000e4380000,0x00000000e4380000,0x00000000e4e80000)
 ParOldGen       total 86016K, used 9384K [0x00000000a0000000, 0x00000000a5400000, 0x00000000e0000000)
  object space 86016K, 10% used [0x00000000a0000000,0x00000000a092a1f0,0x00000000a5400000)
 Metaspace       used 32566K, capacity 33112K, committed 33280K, reserved 1077248K
  class space    used 4426K, capacity 4608K, committed 4608K, reserved 1048576K
}
Event: 36.149 GC heap before
{Heap before GC invocations=8 (full 1):
 PSYoungGen      total 79872K, used 40652K [0x00000000e0000000, 0x00000000e6100000, 0x0000000100000000)
  eden space 69120K, 44% used [0x00000000e0000000,0x00000000e1e0c540,0x00000000e4380000)
  from space 10752K, 91% used [0x00000000e4e80000,0x00000000e5826ba8,0x00000000e5900000)
  to   space 11264K, 0% used [0x00000000e4380000,0x00000000e4380000,0x00000000e4e80000)
 ParOldGen       total 86016K, used 9384K [0x00000000a0000000, 0x00000000a5400000, 0x00000000e0000000)
  object space 86016K, 10% used [0x00000000a0000000,0x00000000a092a1f0,0x00000000a5400000)
 Metaspace       used 34889K, capacity 35398K, committed 35496K, reserved 1079296K
  class space    used 4707K, capacity 4847K, committed 4864K, reserved 1048576K
Event: 36.168 GC heap after
Heap after GC invocations=8 (full 1):
 PSYoungGen      total 80384K, used 9960K [0x00000000e0000000, 0x00000000e8500000, 0x0000000100000000)
  eden space 69120K, 0% used [0x00000000e0000000,0x00000000e0000000,0x00000000e4380000)
  from space 11264K, 88% used [0x00000000e4380000,0x00000000e4d3a090,0x00000000e4e80000)
  to   space 11776K, 0% used [0x00000000e7980000,0x00000000e7980000,0x00000000e8500000)
 ParOldGen       total 86016K, used 9392K [0x00000000a0000000, 0x00000000a5400000, 0x00000000e0000000)
  object space 86016K, 10% used [0x00000000a0000000,0x00000000a092c1f0,0x00000000a5400000)
 Metaspace       used 34889K, capacity 35398K, committed 35496K, reserved 1079296K
  class space    used 4707K, capacity 4847K, committed 4864K, reserved 1048576K
}
Event: 36.168 GC heap before
{Heap before GC invocations=9 (full 2):
 PSYoungGen      total 80384K, used 9960K [0x00000000e0000000, 0x00000000e8500000, 0x0000000100000000)
  eden space 69120K, 0% used [0x00000000e0000000,0x00000000e0000000,0x00000000e4380000)
  from space 11264K, 88% used [0x00000000e4380000,0x00000000e4d3a090,0x00000000e4e80000)
  to   space 11776K, 0% used [0x00000000e7980000,0x00000000e7980000,0x00000000e8500000)
 ParOldGen       total 86016K, used 9392K [0x00000000a0000000, 0x00000000a5400000, 0x00000000e0000000)
  object space 86016K, 10% used [0x00000000a0000000,0x00000000a092c1f0,0x00000000a5400000)
 Metaspace       used 34889K, capacity 35398K, committed 35496K, reserved 1079296K
  class space    used 4707K, capacity 4847K, committed 4864K, reserved 1048576K
Event: 36.334 GC heap after
Heap after GC invocations=9 (full 2):
 PSYoungGen      total 80384K, used 0K [0x00000000e0000000, 0x00000000e8500000, 0x0000000100000000)
  eden space 69120K, 0% used [0x00000000e0000000,0x00000000e0000000,0x00000000e4380000)
  from space 11264K, 0% used [0x00000000e4380000,0x00000000e4380000,0x00000000e4e80000)
  to   space 11776K, 0% used [0x00000000e7980000,0x00000000e7980000,0x00000000e8500000)
 ParOldGen       total 122368K, used 16240K [0x00000000a0000000, 0x00000000a7780000, 0x00000000e0000000)
  object space 122368K, 13% used [0x00000000a0000000,0x00000000a0fdc190,0x00000000a7780000)
 Metaspace       used 34889K, capacity 35398K, committed 35496K, reserved 1079296K
  class space    used 4707K, capacity 4847K, committed 4864K, reserved 1048576K
}
Event: 41.918 GC heap before
{Heap before GC invocations=10 (full 2):
 PSYoungGen      total 80384K, used 69120K [0x00000000e0000000, 0x00000000e8500000, 0x0000000100000000)
  eden space 69120K, 100% used [0x00000000e0000000,0x00000000e4380000,0x00000000e4380000)
  from space 11264K, 0% used [0x00000000e4380000,0x00000000e4380000,0x00000000e4e80000)
  to   space 11776K, 0% used [0x00000000e7980000,0x00000000e7980000,0x00000000e8500000)
 ParOldGen       total 122368K, used 16240K [0x00000000a0000000, 0x00000000a7780000, 0x00000000e0000000)
  object space 122368K, 13% used [0x00000000a0000000,0x00000000a0fdc190,0x00000000a7780000)
 Metaspace       used 36788K, capacity 37494K, committed 37760K, reserved 1081344K
  class space    used 4999K, capacity 5192K, committed 5248K, reserved 1048576K
Event: 41.928 GC heap after
Heap after GC invocations=10 (full 2):
 PSYoungGen      total 113152K, used 4893K [0x00000000e0000000, 0x00000000e8000000, 0x0000000100000000)
  eden space 106496K, 0% used [0x00000000e0000000,0x00000000e0000000,0x00000000e6800000)
  from space 6656K, 73% used [0x00000000e7980000,0x00000000e7e47560,0x00000000e8000000)
  to   space 12288K, 0% used [0x00000000e6800000,0x00000000e6800000,0x00000000e7400000)
 ParOldGen       total 122368K, used 16248K [0x00000000a0000000, 0x00000000a7780000, 0x00000000e0000000)
  object space 122368K, 13% used [0x00000000a0000000,0x00000000a0fde190,0x00000000a7780000)
 Metaspace       used 36788K, capacity 37494K, committed 37760K, reserved 1081344K
  class space    used 4999K, capacity 5192K, committed 5248K, reserved 1048576K
}
Event: 52.375 GC heap before
{Heap before GC invocations=11 (full 2):
 PSYoungGen      total 113152K, used 111389K [0x00000000e0000000, 0x00000000e8000000, 0x0000000100000000)
  eden space 106496K, 100% used [0x00000000e0000000,0x00000000e6800000,0x00000000e6800000)
  from space 6656K, 73% used [0x00000000e7980000,0x00000000e7e47560,0x00000000e8000000)
  to   space 12288K, 0% used [0x00000000e6800000,0x00000000e6800000,0x00000000e7400000)
 ParOldGen       total 122368K, used 16248K [0x00000000a0000000, 0x00000000a7780000, 0x00000000e0000000)
  object space 122368K, 13% used [0x00000000a0000000,0x00000000a0fde190,0x00000000a7780000)
 Metaspace       used 41739K, capacity 42558K, committed 42752K, reserved 1085440K
  class space    used 5595K, capacity 5804K, committed 5888K, reserved 1048576K
Event: 52.397 GC heap after
Heap after GC invocations=11 (full 2):
 PSYoungGen      total 118784K, used 7280K [0x00000000e0000000, 0x00000000e8000000, 0x0000000100000000)
  eden space 106496K, 0% used [0x00000000e0000000,0x00000000e0000000,0x00000000e6800000)
  from space 12288K, 59% used [0x00000000e6800000,0x00000000e6f1c178,0x00000000e7400000)
  to   space 6656K, 0% used [0x00000000e7980000,0x00000000e7980000,0x00000000e8000000)
 ParOldGen       total 122368K, used 16320K [0x00000000a0000000, 0x00000000a7780000, 0x00000000e0000000)
  object space 122368K, 13% used [0x00000000a0000000,0x00000000a0ff01a0,0x00000000a7780000)
 Metaspace       used 41739K, capacity 42558K, committed 42752K, reserved 1085440K
  class space    used 5595K, capacity 5804K, committed 5888K, reserved 1048576K
}

